2025-10-17 10:46:48,945 [Worker-7: Loading available Gradle versions] INFO  o.e.b.c.i.u.g.PublishedGradleVersions - Gradle version information cache is out-of-date. Trying to update.
2025-10-17 10:48:17,578 [Worker-15: Import Getting Started Content] INFO  o.e.m.c.i.l.LifecycleMappingFactory - Using org.maven.ide.eclipse.wtp.WarLifecycleMapping lifecycle mapping for MavenProject: com.klef:CAR-SPRINGBOOT:0.0.1-SNAPSHOT @ C:\2025 ODD_SEM_DEVOPS\CICD-FULLSTACK\CAR-FULLSTACK\CAR-SPRINGBOOT\pom.xml.
2025-10-17 10:48:20,038 [Worker-15: Import Getting Started Content] INFO  o.e.m.j.i.AbstractJavaProjectConfigurator - Adding source folder /CAR-SPRINGBOOT/src/main/java
2025-10-17 10:48:20,044 [Worker-15: Import Getting Started Content] INFO  o.e.m.j.i.AbstractJavaProjectConfigurator - Adding resource folder /CAR-SPRINGBOOT/src/main/resources
2025-10-17 10:48:20,058 [Worker-15: Import Getting Started Content] INFO  o.e.m.j.i.AbstractJavaProjectConfigurator - Adding resource folder /CAR-SPRINGBOOT/src/main/resources
2025-10-17 10:48:20,069 [Worker-15: Import Getting Started Content] INFO  o.e.m.j.i.AbstractJavaProjectConfigurator - Adding source folder /CAR-SPRINGBOOT/src/test/java
2025-10-17 10:48:20,073 [Worker-15: Import Getting Started Content] INFO  o.e.m.j.i.AbstractJavaProjectConfigurator - Adding resource folder /CAR-SPRINGBOOT/src/test/resources
2025-10-17 10:48:25,859 [Worker-15: Import Getting Started Content] INFO  o.e.m.c.i.p.ProjectConfigurationManager - Imported and configured 1 project(s) in 11 sec
2025-10-17 10:48:25,869 [Worker-15: Import Getting Started Content] INFO  o.e.m.c.i.p.ProjectConfigurationManager - Update started
2025-10-17 10:48:26,842 [Worker-15: Import Getting Started Content] INFO  o.e.m.c.i.l.LifecycleMappingFactory - Using org.maven.ide.eclipse.wtp.WarLifecycleMapping lifecycle mapping for MavenProject: com.klef:CAR-SPRINGBOOT:0.0.1-SNAPSHOT @ C:\2025 ODD_SEM_DEVOPS\CICD-FULLSTACK\CAR-FULLSTACK\CAR-SPRINGBOOT\pom.xml.
2025-10-17 10:48:28,458 [Worker-15: Import Getting Started Content] INFO  o.e.m.j.i.AbstractJavaProjectConfigurator - Adding source folder /CAR-SPRINGBOOT/src/main/java
2025-10-17 10:48:28,459 [Worker-15: Import Getting Started Content] INFO  o.e.m.j.i.AbstractJavaProjectConfigurator - Adding resource folder /CAR-SPRINGBOOT/src/main/resources
2025-10-17 10:48:28,460 [Worker-15: Import Getting Started Content] INFO  o.e.m.j.i.AbstractJavaProjectConfigurator - Adding resource folder /CAR-SPRINGBOOT/src/main/resources
2025-10-17 10:48:28,461 [Worker-15: Import Getting Started Content] INFO  o.e.m.j.i.AbstractJavaProjectConfigurator - Adding source folder /CAR-SPRINGBOOT/src/test/java
2025-10-17 10:48:28,463 [Worker-15: Import Getting Started Content] INFO  o.e.m.j.i.AbstractJavaProjectConfigurator - Adding resource folder /CAR-SPRINGBOOT/src/test/resources
2025-10-17 10:48:31,521 [Worker-15: Import Getting Started Content] INFO  o.e.m.w.i.f.ResourceFilteringBuildParticipant - Cleaning filtered folder for CAR-SPRINGBOOT
2025-10-17 10:48:31,568 [Worker-15: Import Getting Started Content] INFO  o.e.m.c.i.p.ProjectConfigurationManager - Update completed for 1 poms: local refresh takes 0.00 sec, refresh facades takes 2.00 sec, update config takes 1.00 sec 
2025-10-17 10:48:33,417 [Worker-10: Building] INFO  o.a.m.s.f.DefaultMavenResourcesFiltering - Copying 1 resource from src\main\resources to target\classes
2025-10-17 10:48:33,473 [Worker-10: Building] INFO  o.a.m.s.f.DefaultMavenResourcesFiltering - Copying 0 resource from src\main\resources to target\classes
2025-10-17 10:48:33,495 [Worker-10: Building] INFO  o.a.m.s.f.DefaultMavenResourcesFiltering - skip non existing resourceDirectory C:\2025 ODD_SEM_DEVOPS\CICD-FULLSTACK\CAR-FULLSTACK\CAR-SPRINGBOOT\src\test\resources
2025-10-17 10:48:33,495 [Worker-10: Building] INFO  o.e.m.w.i.f.ResourceFilteringBuildParticipant - Changed resources require a complete clean of filtered resources of CAR-SPRINGBOOT
2025-10-17 10:48:33,499 [Worker-10: Building] INFO  o.e.m.w.i.f.ResourceFilteringBuildParticipant - Executing resource filtering for CAR-SPRINGBOOT
2025-10-17 11:44:28,889 [Worker-32: Building] INFO  o.a.m.s.f.DefaultMavenResourcesFiltering - Copying 1 resource from src\main\resources to target\classes
2025-10-17 11:44:28,898 [Worker-32: Building] INFO  o.a.m.s.f.DefaultMavenResourcesFiltering - Copying 0 resource from src\main\resources to target\classes
2025-10-17 11:44:28,901 [Worker-32: Building] INFO  o.a.m.s.f.DefaultMavenResourcesFiltering - skip non existing resourceDirectory C:\2025 ODD_SEM_DEVOPS\CICD-FULLSTACK\CAR-FULLSTACK\CAR-SPRINGBOOT\src\test\resources
2025-10-17 11:44:30,944 [Worker-46: Building] INFO  o.e.m.c.i.l.LifecycleMappingFactory - Using org.maven.ide.eclipse.wtp.WarLifecycleMapping lifecycle mapping for MavenProject: com.klef:CAR-SPRINGBOOT:0.0.1-SNAPSHOT @ C:\2025 ODD_SEM_DEVOPS\CICD-FULLSTACK\CAR-FULLSTACK\CAR-SPRINGBOOT\pom.xml.
2025-10-17 11:44:31,194 [Worker-46: Building] INFO  o.a.m.s.f.DefaultMavenResourcesFiltering - Copying 1 resource from src\main\resources to target\classes
2025-10-17 11:44:31,204 [Worker-46: Building] INFO  o.a.m.s.f.DefaultMavenResourcesFiltering - Copying 0 resource from src\main\resources to target\classes
2025-10-17 11:44:31,208 [Worker-46: Building] INFO  o.a.m.s.f.DefaultMavenResourcesFiltering - skip non existing resourceDirectory C:\2025 ODD_SEM_DEVOPS\CICD-FULLSTACK\CAR-FULLSTACK\CAR-SPRINGBOOT\src\test\resources
2025-10-17 11:53:03,429 [Worker-50: Building] INFO  o.a.m.s.f.DefaultMavenResourcesFiltering - Copying 1 resource from src\main\resources to target\classes
2025-10-17 11:53:03,463 [Worker-50: Building] INFO  o.a.m.s.f.DefaultMavenResourcesFiltering - Copying 0 resource from src\main\resources to target\classes
2025-10-17 11:53:03,466 [Worker-50: Building] INFO  o.a.m.s.f.DefaultMavenResourcesFiltering - skip non existing resourceDirectory C:\2025 ODD_SEM_DEVOPS\CICD-FULLSTACK\CAR-FULLSTACK\CAR-SPRINGBOOT\src\test\resources
2025-10-17 11:54:30,876 [Worker-41: Building] INFO  o.a.m.s.f.DefaultMavenResourcesFiltering - Copying 1 resource from src\main\resources to target\classes
2025-10-17 11:54:30,883 [Worker-41: Building] INFO  o.a.m.s.f.DefaultMavenResourcesFiltering - Copying 0 resource from src\main\resources to target\classes
2025-10-17 11:54:30,887 [Worker-41: Building] INFO  o.a.m.s.f.DefaultMavenResourcesFiltering - skip non existing resourceDirectory C:\2025 ODD_SEM_DEVOPS\CICD-FULLSTACK\CAR-FULLSTACK\CAR-SPRINGBOOT\src\test\resources
2025-10-17 11:55:00,393 [Worker-50: Building] INFO  o.a.m.s.f.DefaultMavenResourcesFiltering - Copying 1 resource from src\main\resources to target\classes
2025-10-17 11:55:00,405 [Worker-50: Building] INFO  o.a.m.s.f.DefaultMavenResourcesFiltering - Copying 0 resource from src\main\resources to target\classes
2025-10-17 11:55:00,407 [Worker-50: Building] INFO  o.a.m.s.f.DefaultMavenResourcesFiltering - skip non existing resourceDirectory C:\2025 ODD_SEM_DEVOPS\CICD-FULLSTACK\CAR-FULLSTACK\CAR-SPRINGBOOT\src\test\resources
2025-10-17 11:56:28,086 [Worker-52: Building] INFO  o.a.m.s.f.DefaultMavenResourcesFiltering - Copying 1 resource from src\main\resources to target\classes
2025-10-17 11:56:28,093 [Worker-52: Building] INFO  o.a.m.s.f.DefaultMavenResourcesFiltering - Copying 0 resource from src\main\resources to target\classes
2025-10-17 11:56:28,095 [Worker-52: Building] INFO  o.a.m.s.f.DefaultMavenResourcesFiltering - skip non existing resourceDirectory C:\2025 ODD_SEM_DEVOPS\CICD-FULLSTACK\CAR-FULLSTACK\CAR-SPRINGBOOT\src\test\resources
2025-10-17 11:58:01,123 [Worker-49: Building] INFO  o.a.m.s.f.DefaultMavenResourcesFiltering - Copying 1 resource from src\main\resources to target\classes
2025-10-17 11:58:01,143 [Worker-49: Building] INFO  o.a.m.s.f.DefaultMavenResourcesFiltering - Copying 0 resource from src\main\resources to target\classes
2025-10-17 11:58:01,147 [Worker-49: Building] INFO  o.a.m.s.f.DefaultMavenResourcesFiltering - skip non existing resourceDirectory C:\2025 ODD_SEM_DEVOPS\CICD-FULLSTACK\CAR-FULLSTACK\CAR-SPRINGBOOT\src\test\resources
2025-10-17 12:07:21,138 [Worker-54: Building] INFO  o.e.m.c.i.l.LifecycleMappingFactory - Using org.maven.ide.eclipse.wtp.WarLifecycleMapping lifecycle mapping for MavenProject: com.klef:CAR-SPRINGBOOT:0.0.1-SNAPSHOT @ C:\2025 ODD_SEM_DEVOPS\CICD-FULLSTACK\CAR-FULLSTACK\CAR-SPRINGBOOT\pom.xml.
2025-10-17 12:07:21,868 [Worker-54: Building] INFO  o.a.m.s.f.DefaultMavenResourcesFiltering - Copying 0 resource from src\main\resources to target\classes
2025-10-17 12:07:21,869 [Worker-54: Building] INFO  o.a.m.s.f.DefaultMavenResourcesFiltering - Copying 0 resource from src\main\resources to target\classes
2025-10-17 12:07:21,872 [Worker-54: Building] INFO  o.a.m.s.f.DefaultMavenResourcesFiltering - skip non existing resourceDirectory C:\2025 ODD_SEM_DEVOPS\CICD-FULLSTACK\CAR-FULLSTACK\CAR-SPRINGBOOT\src\test\resources
2025-10-17 12:07:21,872 [Worker-54: Building] INFO  o.e.m.w.i.f.ResourceFilteringBuildParticipant - Changed resources require a complete clean of filtered resources of CAR-SPRINGBOOT
2025-10-17 12:07:21,872 [Worker-54: Building] INFO  o.e.m.w.i.f.ResourceFilteringBuildParticipant - Executing resource filtering for CAR-SPRINGBOOT
2025-10-17 12:07:23,306 [Worker-59: Building] INFO  o.a.m.s.f.DefaultMavenResourcesFiltering - Copying 1 resource from src\main\resources to target\classes
2025-10-17 12:07:23,348 [Worker-59: Building] INFO  o.a.m.s.f.DefaultMavenResourcesFiltering - Copying 0 resource from src\main\resources to target\classes
2025-10-17 12:07:23,354 [Worker-59: Building] INFO  o.a.m.s.f.DefaultMavenResourcesFiltering - skip non existing resourceDirectory C:\2025 ODD_SEM_DEVOPS\CICD-FULLSTACK\CAR-FULLSTACK\CAR-SPRINGBOOT\src\test\resources
2025-10-17 12:07:31,981 [Worker-54: Updating Maven Project] INFO  o.e.m.c.i.p.ProjectConfigurationManager - Update started
2025-10-17 12:07:32,517 [Worker-54: Updating Maven Project] INFO  o.e.m.c.i.l.LifecycleMappingFactory - Using org.maven.ide.eclipse.wtp.WarLifecycleMapping lifecycle mapping for MavenProject: com.klef:CAR-SPRINGBOOT:0.0.1-SNAPSHOT @ C:\2025 ODD_SEM_DEVOPS\CICD-FULLSTACK\CAR-FULLSTACK\CAR-SPRINGBOOT\pom.xml.
2025-10-17 12:07:33,343 [Worker-54: Updating Maven Project] INFO  o.e.m.j.i.AbstractJavaProjectConfigurator - Adding source folder /CAR-SPRINGBOOT/src/main/java
2025-10-17 12:07:33,343 [Worker-54: Updating Maven Project] INFO  o.e.m.j.i.AbstractJavaProjectConfigurator - Adding resource folder /CAR-SPRINGBOOT/src/main/resources
2025-10-17 12:07:33,344 [Worker-54: Updating Maven Project] INFO  o.e.m.j.i.AbstractJavaProjectConfigurator - Adding resource folder /CAR-SPRINGBOOT/src/main/resources
2025-10-17 12:07:33,344 [Worker-54: Updating Maven Project] INFO  o.e.m.j.i.AbstractJavaProjectConfigurator - Adding source folder /CAR-SPRINGBOOT/src/test/java
2025-10-17 12:07:33,344 [Worker-54: Updating Maven Project] INFO  o.e.m.j.i.AbstractJavaProjectConfigurator - Adding resource folder /CAR-SPRINGBOOT/src/test/resources
2025-10-17 12:07:34,448 [Worker-54: Updating Maven Project] INFO  o.e.m.w.i.f.ResourceFilteringBuildParticipant - Cleaning filtered folder for CAR-SPRINGBOOT
2025-10-17 12:07:34,471 [Worker-54: Updating Maven Project] INFO  o.e.m.c.i.p.ProjectConfigurationManager - Update completed for 1 poms: local refresh takes 0.00 sec, refresh facades takes 1.00 sec, update config takes 1.00 sec 
2025-10-17 12:07:34,990 [Worker-50: Building] INFO  o.a.m.s.f.DefaultMavenResourcesFiltering - Copying 1 resource from src\main\resources to target\classes
2025-10-17 12:07:35,033 [Worker-50: Building] INFO  o.a.m.s.f.DefaultMavenResourcesFiltering - Copying 0 resource from src\main\resources to target\classes
2025-10-17 12:07:35,044 [Worker-50: Building] INFO  o.a.m.s.f.DefaultMavenResourcesFiltering - skip non existing resourceDirectory C:\2025 ODD_SEM_DEVOPS\CICD-FULLSTACK\CAR-FULLSTACK\CAR-SPRINGBOOT\src\test\resources
2025-10-17 12:07:35,045 [Worker-50: Building] INFO  o.e.m.w.i.f.ResourceFilteringBuildParticipant - Changed resources require a complete clean of filtered resources of CAR-SPRINGBOOT
2025-10-17 12:07:35,045 [Worker-50: Building] INFO  o.e.m.w.i.f.ResourceFilteringBuildParticipant - Executing resource filtering for CAR-SPRINGBOOT
2025-10-17 12:07:37,991 [Worker-59: Building] INFO  o.a.m.s.f.DefaultMavenResourcesFiltering - Copying 1 resource from src\main\resources to target\classes
2025-10-17 12:07:37,996 [Worker-59: Building] INFO  o.a.m.s.f.DefaultMavenResourcesFiltering - Copying 0 resource from src\main\resources to target\classes
2025-10-17 12:07:37,999 [Worker-59: Building] INFO  o.a.m.s.f.DefaultMavenResourcesFiltering - skip non existing resourceDirectory C:\2025 ODD_SEM_DEVOPS\CICD-FULLSTACK\CAR-FULLSTACK\CAR-SPRINGBOOT\src\test\resources
2025-10-17 12:07:40,342 [Worker-56: Building] INFO  o.a.m.s.f.DefaultMavenResourcesFiltering - Copying 1 resource from src\main\resources to target\classes
2025-10-17 12:07:40,347 [Worker-56: Building] INFO  o.a.m.s.f.DefaultMavenResourcesFiltering - Copying 0 resource from src\main\resources to target\classes
2025-10-17 12:07:40,350 [Worker-56: Building] INFO  o.a.m.s.f.DefaultMavenResourcesFiltering - skip non existing resourceDirectory C:\2025 ODD_SEM_DEVOPS\CICD-FULLSTACK\CAR-FULLSTACK\CAR-SPRINGBOOT\src\test\resources
2025-10-17 12:07:42,992 [Worker-54: Building] INFO  o.a.m.s.f.DefaultMavenResourcesFiltering - Copying 1 resource from src\main\resources to target\classes
2025-10-17 12:07:42,997 [Worker-54: Building] INFO  o.a.m.s.f.DefaultMavenResourcesFiltering - Copying 0 resource from src\main\resources to target\classes
2025-10-17 12:07:42,999 [Worker-54: Building] INFO  o.a.m.s.f.DefaultMavenResourcesFiltering - skip non existing resourceDirectory C:\2025 ODD_SEM_DEVOPS\CICD-FULLSTACK\CAR-FULLSTACK\CAR-SPRINGBOOT\src\test\resources
2025-10-17 12:07:45,632 [Worker-54: Building] INFO  o.a.m.s.f.DefaultMavenResourcesFiltering - Copying 1 resource from src\main\resources to target\classes
2025-10-17 12:07:45,646 [Worker-54: Building] INFO  o.a.m.s.f.DefaultMavenResourcesFiltering - Copying 0 resource from src\main\resources to target\classes
2025-10-17 12:07:45,649 [Worker-54: Building] INFO  o.a.m.s.f.DefaultMavenResourcesFiltering - skip non existing resourceDirectory C:\2025 ODD_SEM_DEVOPS\CICD-FULLSTACK\CAR-FULLSTACK\CAR-SPRINGBOOT\src\test\resources
2025-10-17 12:09:28,506 [Worker-60: Building] INFO  o.a.m.s.f.DefaultMavenResourcesFiltering - Copying 1 resource from src\main\resources to target\classes
2025-10-17 12:09:28,511 [Worker-60: Building] INFO  o.a.m.s.f.DefaultMavenResourcesFiltering - Copying 0 resource from src\main\resources to target\classes
2025-10-17 12:09:28,513 [Worker-60: Building] INFO  o.a.m.s.f.DefaultMavenResourcesFiltering - skip non existing resourceDirectory C:\2025 ODD_SEM_DEVOPS\CICD-FULLSTACK\CAR-FULLSTACK\CAR-SPRINGBOOT\src\test\resources
2025-10-17 12:09:48,867 [Worker-50: Updating Maven Project] INFO  o.e.m.c.i.p.ProjectConfigurationManager - Update started
2025-10-17 12:09:49,090 [Worker-50: Updating Maven Project] INFO  o.e.m.c.i.l.LifecycleMappingFactory - Using org.maven.ide.eclipse.wtp.WarLifecycleMapping lifecycle mapping for MavenProject: com.klef:CAR-SPRINGBOOT:0.0.1-SNAPSHOT @ C:\2025 ODD_SEM_DEVOPS\CICD-FULLSTACK\CAR-FULLSTACK\CAR-SPRINGBOOT\pom.xml.
2025-10-17 12:09:49,395 [Worker-50: Updating Maven Project] INFO  o.e.m.j.i.AbstractJavaProjectConfigurator - Adding source folder /CAR-SPRINGBOOT/src/main/java
2025-10-17 12:09:49,395 [Worker-50: Updating Maven Project] INFO  o.e.m.j.i.AbstractJavaProjectConfigurator - Adding resource folder /CAR-SPRINGBOOT/src/main/resources
2025-10-17 12:09:49,395 [Worker-50: Updating Maven Project] INFO  o.e.m.j.i.AbstractJavaProjectConfigurator - Adding resource folder /CAR-SPRINGBOOT/src/main/resources
2025-10-17 12:09:49,395 [Worker-50: Updating Maven Project] INFO  o.e.m.j.i.AbstractJavaProjectConfigurator - Adding source folder /CAR-SPRINGBOOT/src/test/java
2025-10-17 12:09:49,395 [Worker-50: Updating Maven Project] INFO  o.e.m.j.i.AbstractJavaProjectConfigurator - Adding resource folder /CAR-SPRINGBOOT/src/test/resources
2025-10-17 12:09:49,744 [Worker-50: Updating Maven Project] INFO  o.e.m.w.i.f.ResourceFilteringBuildParticipant - Cleaning filtered folder for CAR-SPRINGBOOT
2025-10-17 12:09:49,782 [Worker-50: Updating Maven Project] INFO  o.e.m.c.i.p.ProjectConfigurationManager - Update completed for 1 poms: local refresh takes 0.00 sec, refresh facades takes 0.00 sec, update config takes 0.00 sec 
2025-10-17 12:09:50,199 [Worker-58: Building] INFO  o.a.m.s.f.DefaultMavenResourcesFiltering - Copying 1 resource from src\main\resources to target\classes
2025-10-17 12:09:50,221 [Worker-58: Building] INFO  o.a.m.s.f.DefaultMavenResourcesFiltering - Copying 0 resource from src\main\resources to target\classes
2025-10-17 12:09:50,226 [Worker-58: Building] INFO  o.a.m.s.f.DefaultMavenResourcesFiltering - skip non existing resourceDirectory C:\2025 ODD_SEM_DEVOPS\CICD-FULLSTACK\CAR-FULLSTACK\CAR-SPRINGBOOT\src\test\resources
2025-10-17 12:09:50,226 [Worker-58: Building] INFO  o.e.m.w.i.f.ResourceFilteringBuildParticipant - Changed resources require a complete clean of filtered resources of CAR-SPRINGBOOT
2025-10-17 12:09:50,226 [Worker-58: Building] INFO  o.e.m.w.i.f.ResourceFilteringBuildParticipant - Executing resource filtering for CAR-SPRINGBOOT
2025-10-17 12:24:41,564 [Worker-62: Building] INFO  o.a.m.s.f.DefaultMavenResourcesFiltering - Copying 1 resource from src\main\resources to target\classes
2025-10-17 12:24:41,576 [Worker-62: Building] INFO  o.a.m.s.f.DefaultMavenResourcesFiltering - Copying 0 resource from src\main\resources to target\classes
2025-10-17 12:24:41,581 [Worker-62: Building] INFO  o.a.m.s.f.DefaultMavenResourcesFiltering - skip non existing resourceDirectory C:\2025 ODD_SEM_DEVOPS\CICD-FULLSTACK\CAR-FULLSTACK\CAR-SPRINGBOOT\src\test\resources
2025-10-17 12:25:01,461 [Worker-62: Building] INFO  o.a.m.s.f.DefaultMavenResourcesFiltering - Copying 1 resource from src\main\resources to target\classes
2025-10-17 12:25:01,469 [Worker-62: Building] INFO  o.a.m.s.f.DefaultMavenResourcesFiltering - Copying 0 resource from src\main\resources to target\classes
2025-10-17 12:25:01,473 [Worker-62: Building] INFO  o.a.m.s.f.DefaultMavenResourcesFiltering - skip non existing resourceDirectory C:\2025 ODD_SEM_DEVOPS\CICD-FULLSTACK\CAR-FULLSTACK\CAR-SPRINGBOOT\src\test\resources
2025-10-17 12:25:16,946 [Worker-69: Building] INFO  o.a.m.s.f.DefaultMavenResourcesFiltering - Copying 1 resource from src\main\resources to target\classes
2025-10-17 12:25:16,958 [Worker-69: Building] INFO  o.a.m.s.f.DefaultMavenResourcesFiltering - Copying 0 resource from src\main\resources to target\classes
2025-10-17 12:25:16,964 [Worker-69: Building] INFO  o.a.m.s.f.DefaultMavenResourcesFiltering - skip non existing resourceDirectory C:\2025 ODD_SEM_DEVOPS\CICD-FULLSTACK\CAR-FULLSTACK\CAR-SPRINGBOOT\src\test\resources
2025-10-17 12:25:23,971 [Worker-66: Building] INFO  o.a.m.s.f.DefaultMavenResourcesFiltering - Copying 1 resource from src\main\resources to target\classes
2025-10-17 12:25:23,983 [Worker-66: Building] INFO  o.a.m.s.f.DefaultMavenResourcesFiltering - Copying 0 resource from src\main\resources to target\classes
2025-10-17 12:25:23,989 [Worker-66: Building] INFO  o.a.m.s.f.DefaultMavenResourcesFiltering - skip non existing resourceDirectory C:\2025 ODD_SEM_DEVOPS\CICD-FULLSTACK\CAR-FULLSTACK\CAR-SPRINGBOOT\src\test\resources
2025-10-17 12:26:39,961 [Worker-68: Building] INFO  o.a.m.s.f.DefaultMavenResourcesFiltering - Copying 1 resource from src\main\resources to target\classes
2025-10-17 12:26:39,971 [Worker-68: Building] INFO  o.a.m.s.f.DefaultMavenResourcesFiltering - Copying 0 resource from src\main\resources to target\classes
2025-10-17 12:26:39,977 [Worker-68: Building] INFO  o.a.m.s.f.DefaultMavenResourcesFiltering - skip non existing resourceDirectory C:\2025 ODD_SEM_DEVOPS\CICD-FULLSTACK\CAR-FULLSTACK\CAR-SPRINGBOOT\src\test\resources
2025-10-17 12:27:11,938 [Worker-70: Building] INFO  o.a.m.s.f.DefaultMavenResourcesFiltering - Copying 1 resource from src\main\resources to target\classes
2025-10-17 12:27:11,951 [Worker-70: Building] INFO  o.a.m.s.f.DefaultMavenResourcesFiltering - Copying 0 resource from src\main\resources to target\classes
2025-10-17 12:27:11,958 [Worker-70: Building] INFO  o.a.m.s.f.DefaultMavenResourcesFiltering - skip non existing resourceDirectory C:\2025 ODD_SEM_DEVOPS\CICD-FULLSTACK\CAR-FULLSTACK\CAR-SPRINGBOOT\src\test\resources
2025-10-17 12:27:44,196 [Worker-68: Building] INFO  o.a.m.s.f.DefaultMavenResourcesFiltering - Copying 1 resource from src\main\resources to target\classes
2025-10-17 12:27:44,203 [Worker-68: Building] INFO  o.a.m.s.f.DefaultMavenResourcesFiltering - Copying 0 resource from src\main\resources to target\classes
2025-10-17 12:27:44,207 [Worker-68: Building] INFO  o.a.m.s.f.DefaultMavenResourcesFiltering - skip non existing resourceDirectory C:\2025 ODD_SEM_DEVOPS\CICD-FULLSTACK\CAR-FULLSTACK\CAR-SPRINGBOOT\src\test\resources
2025-10-17 12:41:50,332 [Worker-74: Building] INFO  o.e.m.c.i.l.LifecycleMappingFactory - Using org.maven.ide.eclipse.wtp.WarLifecycleMapping lifecycle mapping for MavenProject: com.klef:CAR-SPRINGBOOT:0.0.1-SNAPSHOT @ C:\2025 ODD_SEM_DEVOPS\CICD-FULLSTACK\CAR-FULLSTACK\CAR-SPRINGBOOT\pom.xml.
2025-10-17 12:41:51,853 [Worker-74: Building] INFO  o.a.m.s.f.DefaultMavenResourcesFiltering - Copying 0 resource from src\main\resources to target\classes
2025-10-17 12:41:51,856 [Worker-74: Building] INFO  o.a.m.s.f.DefaultMavenResourcesFiltering - Copying 0 resource from src\main\resources to target\classes
2025-10-17 12:41:51,867 [Worker-74: Building] INFO  o.a.m.s.f.DefaultMavenResourcesFiltering - skip non existing resourceDirectory C:\2025 ODD_SEM_DEVOPS\CICD-FULLSTACK\CAR-FULLSTACK\CAR-SPRINGBOOT\src\test\resources
2025-10-17 12:41:51,868 [Worker-74: Building] INFO  o.e.m.w.i.f.ResourceFilteringBuildParticipant - Changed resources require a complete clean of filtered resources of CAR-SPRINGBOOT
2025-10-17 12:41:51,868 [Worker-74: Building] INFO  o.e.m.w.i.f.ResourceFilteringBuildParticipant - Executing resource filtering for CAR-SPRINGBOOT
2025-10-17 12:42:01,653 [Worker-76: Updating Maven Project] INFO  o.e.m.c.i.p.ProjectConfigurationManager - Update started
2025-10-17 12:42:01,955 [Worker-76: Updating Maven Project] INFO  o.e.m.c.i.l.LifecycleMappingFactory - Using org.maven.ide.eclipse.wtp.WarLifecycleMapping lifecycle mapping for MavenProject: com.klef:CAR-SPRINGBOOT:0.0.1-SNAPSHOT @ C:\2025 ODD_SEM_DEVOPS\CICD-FULLSTACK\CAR-FULLSTACK\CAR-SPRINGBOOT\pom.xml.
2025-10-17 12:42:02,424 [Worker-76: Updating Maven Project] INFO  o.e.m.j.i.AbstractJavaProjectConfigurator - Adding source folder /CAR-SPRINGBOOT/src/main/java
2025-10-17 12:42:02,425 [Worker-76: Updating Maven Project] INFO  o.e.m.j.i.AbstractJavaProjectConfigurator - Adding resource folder /CAR-SPRINGBOOT/src/main/resources
2025-10-17 12:42:02,427 [Worker-76: Updating Maven Project] INFO  o.e.m.j.i.AbstractJavaProjectConfigurator - Adding resource folder /CAR-SPRINGBOOT/src/main/resources
2025-10-17 12:42:02,427 [Worker-76: Updating Maven Project] INFO  o.e.m.j.i.AbstractJavaProjectConfigurator - Adding source folder /CAR-SPRINGBOOT/src/test/java
2025-10-17 12:42:02,427 [Worker-76: Updating Maven Project] INFO  o.e.m.j.i.AbstractJavaProjectConfigurator - Adding resource folder /CAR-SPRINGBOOT/src/test/resources
2025-10-17 12:42:03,070 [Worker-76: Updating Maven Project] INFO  o.e.m.w.i.f.ResourceFilteringBuildParticipant - Cleaning filtered folder for CAR-SPRINGBOOT
2025-10-17 12:42:03,235 [Worker-76: Updating Maven Project] INFO  o.e.m.c.i.p.ProjectConfigurationManager - Update completed for 1 poms: local refresh takes 0.00 sec, refresh facades takes 0.00 sec, update config takes 0.00 sec 
2025-10-17 12:42:03,702 [Worker-71: Building] INFO  o.a.m.s.f.DefaultMavenResourcesFiltering - Copying 1 resource from src\main\resources to target\classes
2025-10-17 12:42:03,771 [Worker-71: Building] INFO  o.a.m.s.f.DefaultMavenResourcesFiltering - Copying 0 resource from src\main\resources to target\classes
2025-10-17 12:42:03,783 [Worker-71: Building] INFO  o.a.m.s.f.DefaultMavenResourcesFiltering - skip non existing resourceDirectory C:\2025 ODD_SEM_DEVOPS\CICD-FULLSTACK\CAR-FULLSTACK\CAR-SPRINGBOOT\src\test\resources
2025-10-17 12:42:03,784 [Worker-71: Building] INFO  o.e.m.w.i.f.ResourceFilteringBuildParticipant - Changed resources require a complete clean of filtered resources of CAR-SPRINGBOOT
2025-10-17 12:42:03,784 [Worker-71: Building] INFO  o.e.m.w.i.f.ResourceFilteringBuildParticipant - Executing resource filtering for CAR-SPRINGBOOT
